9      son            son1           
11     jason          jason1         
29     daire          daire1         
30     le             le6            
31     nos            nos1           
33     qe             qe3            
37     riche          riche2         
49     grant          grant4         
57     son            son1           
79     l’             l’1            
82     nos            nos1           
93     qel            qel1           
99     celui          celui1         
101    pelleus        pelleus1       
106    estoit         estoit1        
120    tot            tot1           
124    son            son1           
127    tos            tos1           
128    cels           cels1          
130    monde          monde1         
133    estoit         estoit1        
143    estoit         estoit3        
159    estoit         estoit2        
164    maintes        maintes3       
169    aloit          aloit2         
181    aloit          aloit2         
185    qe             qe3            
195    meïsmes        meïsmes1       
196    qe             qe3            
204    le             le4            
215    son            son1           
219    estoit         estoit2        
221    amés           amés2          
223    tot            tot1           
225    aus            aus1           
226    barons         barons3        
228    son            son1           
239    ce             ce1            
245    grant          grant4         
249    son            son1           
253    le             le4            
263    qe             qe3            
265    le             le6            
274    voloit         voloit1        
279    ceste          ceste1         
280    grant          grant4         
292    tot            tot3           
301    son            son1           
308    tot            tot3           
312    fust           fust1          
317    nuls           nuls1          
325    jason          jason1         
331    monton         monton1        
335    celui          celui1         
340    l’             l’1            
342    nos            nos1           
345    avoit          avoit1         
347    l’             l’1            
358    or             or1            
365    tel            tel6           
367    qe             qe3            
368    nuls           nuls3          
370    le             le4            
377    senz           senz1          
380    hor            hor1           
387    estoit         estoit2        
391    q’             q’1            
403    q’             q’1            
406    li             li2            
413    en             en2            
414    estoit         estoit3        
430    son            son1           
432    qe             qe3            
439    q’             q’1            
443    jason          jason1         
449    monton         monton1        
465    li             li2            
473    qe             qe3            
479    se             se4            
480    meïsmes        meïsmes3       
486    qe             qe3            
493    grant          grant4         
500    fist           fist1          
502    tos            tos1           
504    aus            aus1           
505    barons         barons3        
511    son            son1           
514    bien           bien4          
522    grant          grant4         
531    estoit         estoit1        
549    maintes        maintes1       
552    maintes        maintes3       
559    qe             qe1            
574    maint          maint1         
577    son            son1           
589    tot            tot4           
595    jason          jason1         
597    li             li2            
600    |              nan            
609    le             le6            
614    rienz          rienz2         
618    le             le6            
619    doi            doi1           
622    nevo           nevo1          
623    esté           esté3          
626    vostre         vostre2        
629    vostre         vostre2        
631    le             le6            
646    grant          grant4         
650    cort           cort1          
653    monde          monde1         
659    vostre         vostre2        
660    grant          grant4         
663    vostre         vostre2        
671    vostre         vostre1        
676    seroit         seroit1        
683    savoir         savoir1        
684    qe             qe3            
685    vos            vos1           
694    tos            tos1           
695    homes          homes1         
697    se             se2            
698    vos            vos1           
700    ce             ce1            
711    est            est1           
712    qe             qe3            
717    a              a1             
725    or             or1            
728    se             se1            
729    sont           sont3          
739    tel            tel6           
740    en             en2            
741    a              a2             
742    esté           esté1          
743    l’             l’1            
745    qi             qi1            
750    nuls           nuls3          
753    chief          chief1         
754    en             en2            
763    qe             qe3            
765    voudroie       voudroie1      
766    tot            tot1           
768    vostre         vostre1        
771    vostre         vostre1        
772    acreïsiment    acreïsiment1   
777    qe             qe3            
779    se             se2            
781    cuor           cuor1          
787    aler           aler1          
792    grant          grant1         
795    grant          grant1         
807    tos            tos1           
813    qe             qe3            
815    se             se2            
816    vos            vos1           
820    aportés        aportés1       
830    mon            mon1           
834    en             en2            
843    tens           tens1          
851    |              nan            
857    son            son1           
860    aler           aler1          
871    li             li2            
872    dit            dit2           
875    grant          grant4         
879    li             li2            
880    fet            fet2           
883    en             en2            
886    grant          grant4         
889    son            son1           
894    bien           bien4          
895    q’             q’1            
904    qe             qe3            
909    ce             ce1            
911    voloit         voloit1        
915    rienz          rienz1         
920    monton         monton1        
922    q’             q’1            
933    grant          grant4         
938    les            les1           
939    estrange       estrange1      
944    monde          monde1         
947    avoit          avoit2         
948    hoï            hoï1           
960    non            non1           
961    fust           fust2          
962    creüz          creüz1         
971    son            son1           
974    tel            tel6           
977    |              nan            
987    qe             qe3            
988    vos            vos1           
995    bien           bien1          
998    tos            tos3           
1001   vos            vos1           
1008   q’             q’1            
1009   il             il2            
1014   sui            sui1           
1017   aparoillés     aparoillés6    
1019   aler           aler2          
1021   vostre         vostre1        
1027   grant          grant4         
1037   rienz          rienz2         
1038   |              nan            
1041   estoit         estoit1        
1044   se             se4            
1054   son            son1           
1064   jason          jason1         
1073   hot            hot1           
1077   grant          grant4         
1082   li             li2            
1099   plus           plus2          
1103   fust           fust1          
1106   monde          monde1         
1110   non            non2           
1111   argus          argus1         
1117   devant         devant1        
1126   qu’            qu’1           
1130   plus           plus2          
1131   grant          grant4         
1135   plus           plus2          
1140   aparoillee     aparoillee6    
1143   grant          grant5         
1146   ce             ce2            
1147   ·l             ·l1            
1149   en             en2            
1158   li             li2            
1160   qe             qe3            
1161   ce             ce1            
1164   bien           bien4          
1168   tot            tot3           
1169   son            son1           
1172   q’             q’1            
1174   le             le4            
1175   la             la1            
1178   fete           fete2          
1187   bien           bien4          
1193   tel            tel6           
1210   bachelier      bachelier2     
1216   jason          jason1         
1219   li             li2            
1224   celui          celui1         
1230   fu             fu1            
1236   fesoit         fesoit1        
1238   grant          grant4         
1240   fer            fer1           
1243   grant          grant4         
1259   lor            lor3           
1263   bacheliers     bacheliers2    
1274   greignor       greignor1      
1279   jason          jason1         
1281   li             li2            
1288   se             se2            
1294   les            les4           
1303   lor            lor4           
1305   q’             q’1            
1316   q’             q’1            
1317   il             il1            
1318   alassent       alassent2      
1320   lor            lor2           
1333   il             il1            
1337   il             il1            
1339   qe             qe3            
1346   ont            ont1           
1352   ont            ont1           
1353   pris           pris1          
1375   se             se1            
1397   est            est1           
1406   coulor         coulor1        
1411   sont           sont2          
1413   lor            lor5           
1417   l’             l’1            
1425   fist           fist1          
1436   hot            hot1           
1437   non            non2           
1440   l’             l’1            
1441   amor           amor2          
1443   argus          argus1         
1445   fet            fet3           
1446   l’             l’4            
1447   avoit          avoit2         
1454   l’             l’4            
1455   avoit          avoit2         
1457   bien           bien4          
1458   fete           fete1          
1465   lor            lor4           
1466   fu             fu3            
1471   chevaliers     chevaliers2    
1475   jason          jason1         
1487   jason          jason1         
1499   fu             fu1            
1501   bien           bien4          
1502   aparoilliee    aparoilliee1   
1506   il             il1            
1507   furent         furent2        
1508   recoillis      recoillis1     
1509   tos            tos4           
1513   lor            lor5           
1517   se             se1            
1529   qe             qe3            
1540   grant          grant4         
1544   grant          grant4         
1549   il             il1            
1550   furent         furent1        
1553   arivés         arivés3        
1559   lor            lor2           
1579   qe             qe1            
1582   avoit          avoit2         
1585   aprés          aprés1         
1587   qe             qe3            
1590   fust           fust2          
1591   aparoillés     aparoillés4    
1598   se             se1            
1604   il             il1            
1605   furent         furent1        
1620   els            els1           
1626   cors           cors1          
1636   grant          grant1         
1637   mestier        mestier1       
1644   estoit         estoit1        
1652   qe             qe3            
1660   de             de1            
1663   chevaliers     chevaliers3    
1667   estoient       estoient2      
1669   son            son1           
1671   arivés         arivés3        
1675   en             en2            
1677   qe             qe3            
1683   en             en2            
1687   li             li2            
1689   son            son1           
1697   li             li2            
1698   en             en2            
1710   jason          jason1         
1711   se             se5            
1714   son            son1           
1721   estoit         estoit1        
1724   grant          grant1         
1725   senz           senz1          
1728   grant          grant4         
1737   meïsmes        meïsmes1       
1738   qe             qe3            
1740   ce             ce2            
1743   qe             qe3            
1745   gresois        gresois2       
1748   son            son1           
1757   li             li2            
1758   en             en2            
1762   il             il1            
1763   le             le4            
1776   mesaje         mesaje1        
1778   saje           saje1          
1780   bien           bien4          
1781   parlant        parlant1       
1783   le             le4            
1784   fist           fist1          
1793   li             li2            
1795   son            son1           
1796   mesaje         mesaje1        
1798   vos            vos1           
1799   l’             l’6            
1805   le             le4            
1808   jason          jason1         
1815   estoit         estoit1        
1819   bien           bien4          
1820   entendu        entendu1       
1823   son            son1           
1828   mist           mist1          
1834   son            son1           
1835   mesaje         mesaje1        
1840   qe             qe3            
1848   fu             fu2            
1855   jason          jason1         
1858   li             li2            
1859   fu             fu1            
1865   devant         devant1        
1868   le             le4            
1872   li             li2            
1874   son            son1           
1879   lor            lor3           
1880   s’             s’1            
1881   asistrent      asistrent1     
1889   il             il1            
1890   furent         furent1        
1891   asis           asis1          
1900   tel            tel6           
1903   |              nan            
1916   qi             qi1            
1918   mervoille      mervoille2     
1922   vos            vos1           
1929   son            son1           
1933   son            son1           
1938   entrés         entrés1        
1940   est            est3           
1942   tel            tel6           
1952   vos            vos2           
1953   autres         autres1        
1954   conpaignons    conpaignons1   
1956   vos            vos1           
1964   son            son1           
1966   tot            tot4           
1971   aime           aime1          
1986   savoir         savoir1        
1987   qe             qe3            
1989   se             se2            
1990   vos            vos1           
1992   est            est4           
1995   si             si2            
2006   ses            ses1           
2009   |              nan            
2017   mesaje         mesaje1        
2019   roi            roi1           
2021   s’             s’1            
2022   en             en2            
2029   mesaje         mesaje1        
2032   le             le4            
2036   roi            roi1           
2037   laomedon       laomedon1      
2042   s’             s’3            
2052   en             en2            
2055   grant          grant4         
2058   grant          grant1         
2065   ses            ses1           
2066   conpaignons    conpaignons1   
2068   |              nan            
2069   seignor        seignor1       
2074   grant          grant4         
2077   grant          grant1         
2078   desenor        desenor1       
2079   nos            nos1           
2080   fet            fet2           
2081   cestui         cestui2        
2085   nos            nos1           
2086   a              a2             
2087   fet            fet4           
2094   tot            tot4           
2099   fer            fer1           
2102   aut            aut1           
2103   roi            roi1           
2123   il             il2            
2126   q’             q’1            
2131   ce             ce1            
2132   nul            nul1           
2140   qi             qi1            
2143   tenz           tenz1          
2144   q’             q’1            
2149   |              nan            
2151   lor            lor3           
2155   mesaje         mesaje1        
2159   |              nan            
2168   vostre         vostre1        
2170   qe             qe3            
2176   vostre         vostre2        
2180   tos            tos1           
2191   mau            mau1           
2197   son            son1           
2205   li             li2            
2206   dites          dites1         
2207   qe             qe3            
2211   fust           fust3          
2217   soumes         soumes1        
2219   venus          venus1         
2222   l’             l’5            
2228   tot            tot3           
2229   nostre         nostre1        
2233   dite           dite1          
2235   qe             qe3            
2236   ceste          ceste1         
2240   nos            nos1           
2241   a              a2             
2244   sera           sera1          
2247   maint          maint1         
2253   cels           cels1          
2263   |              nan            
2268   il             il1            
2279   mesaje         mesaje1        
2287   |              nan            
2293   roi            roi1           
2294   laomedon       laomedon1      
2298   hercules       hercules1      
2299   qe             qe3            
2312   tel            tel1           
2313   tenz           tenz1          
2318   soient         soient1        
2321   qe             qe3            
2326   son            son1           
2330   son            son1           
2336   q’             q’1            
2338   li             li2            
2347   il             il2            
2349   en             en2            
2354   qi             qi2            
2355   nos            nos1           
2356   a              a2             
2368   |              nan            
2383   tel            tel6           
2386   |              nan            
2388   gresois        gresois2       
2392   qe             qe3            
2395   sui            sui2           
2396   sa             sa2            
2403   il             il2            
2406   est            est1           
2408   bel            bel2           
2410   mon            mon1           
2411   mesaje         mesaje1        
2414   dit            dit1           
2429   vos            vos1           
2433   aler           aler1          
2443   aler           aler1          
2449   vostre         vostre5        
2453   diex           diex3          
2455   vos            vos1           
2457   |              nan            
2461   mist           mist1          
2469   en             en2            
2470   fu             fu2            
2474   gresois        gresois2       
2484   qe             qe3            
2486   se             se2            
2488   gresois        gresois2       
2493   il             il1            
2494   la             la1            
2498   il             il1            
2499   s’             s’1            
2500   en             en2            
2509   estoient       estoient1      
2511   se             se1            
2516   lor            lor2           
2521   bon            bon1           
2524   soef           soef1          
2527   les            les4           
2528   ot             ot1            
2553   qe             qe3            
2557   horent         horent1        
2575   gresois        gresois2       
2576   aloient        aloient3       
2580   grant          grant4         
2582   qe             qe1            
2584   avoit          avoit2         
2585   fet            fet3           
2586   lor            lor4           
2595   tel            tel6           
2609   lor            lor2           
2614   il             il1            
2615   furent         furent1        
2616   descendus      descendus1     
2618   tel            tel6           
2621   il             il1            
2623   lor            lor6           
2624   cors           cors1          
2625   bien           bien4          
2629   riches         riches2        
2632   bien           bien4          
2635   lor            lor2           
2642   hor            hor1           
2655   avoit          avoit1         
2662   bien           bien4          
2665   fors           fors3          
2671   bien           bien4          
2676   estoit         estoit2        
2682   estoit         estoit2        
2684   bien           bien4          
2687   chevaliers     chevaliers3    
2691   riches         riches2        
2708   estoit         estoit1        
2711   tos            tos2           
2712   bien           bien3          
2722   nom            nom1           
2723   oetes          oetes1         
2730   estoit         estoit1        
2743   l’             l’5            
2752   furent         furent2        
2754   atornés        atornés1       
2761   dit            dit1           
2767   fesoit         fesoit2        
2771   soef           soef3          
2775   fait           fait1          
2778   si             si1            
2786   jason          jason1         
2794   q’             q’1            
2795   il             il1            
2802   il             il1            
2803   furent         furent1        
2812   le             le4            
2815   grant          grant4         
2816   mervoille      mervoille1     
2818   il             il1            
2820   avoient        avoient1       
2828   furent         furent2        
2833   lor            lor1           
2834   estre          estre1         
2836   il             il1            
2850   roi            roi1           
2854   il             il1            
2855   furent         furent1        
2866   il             il1            
2868   q’             q’1            
2871   celui          celui1         
2874   grant          grant1         
2876   devant         devant1        
2877   li             li2            
2879   il             il1            
2885   estoit         estoit1        
2888   riche          riche2         
2894   devant         devant1        
2900   estoit         estoit1        
2903   riche          riche2         
2905   avoit          avoit1         
2908   grant          grant4         
2914   barons         barons2        
2917   chevaliers     chevaliers2    
2918   se             se1            
2927   autres         autres1        
2938   aus            aus1           
2939   homes          homes1         
2945   mains          mains1         
2948   mains          mains1         
2952   mains          mains1         
2956   autres         autres1        
2962   i              i1             
2972   il             il1            
2974   devant         devant1        
2986   lor            lor2           
2991   els            els1           
2993   les            les4           
2997   grant          grant1         
3003   barons         barons2        
3006   chevaliers     chevaliers2    
3014   qi             qi3            
3016   estoient       estoient1      
3022   les            les4           
3028   les            les4           
3031   son            son1           
3034   il             il1            
3035   furent         furent2        
3041   ais            ais2           
3045   il             il1            
3048   grant          grant1         
3049   mestier        mestier1       
3051   grant          grant4         
3053   avoit          avoit1         
3054   q’             q’1            
3055   il             il1            
3057   avoient        avoient1       
3060   bon            bon1           
3067   fist           fist1          
3070   devant         devant1        
3073   devant         devant1        
3082   jason          jason1         
3094   estoit         estoit2        
3112   jason          jason1         
3124   q’             q’1            
3127   devant         devant1        
3128   li             li2            
3138   son            son1           
3139   pere           pere1          
3152   roi            roi1           
3158   son            son1           
3165   inde           inde1          
3168   or             or1            
3182   fu             fu1            
3188   estoit         estoit2        
3196   estoit         estoit1        
3197   bien           bien4          
3200   mantel         mantel1        
3204   ses            ses2           
3210   or             or1            
3218   riche          riche3         
3221   laborés        laborés1       
3224   grant          grant4         
3232   fu             fu1            
3239   dit            dit1           
3247   ses            ses2           
3250   le             le6            
3252   devant         devant1        
3253   li             li2            
3255   li             li2            
3269   en             en2            
3270   vint           vint1          
3271   devant         devant1        
3272   son            son1           
3273   pere           pere1          
3294   la             la1            
3301   l’             l’4            
3306   l’             l’4            
3318   gresois        gresois2       
3337   il             il1            
3339   tos            tos4           
3341   q’             q’1            
3342   il             il1            
3343   la             la1            
3346   devant         devant1        
3347   els            els1           
3357   son            son1           
3370   fu             fu2            
3371   devant         devant1        
3372   son            son1           
3373   pere           pere1          
3374   venue          venue1         
3377   l’             l’4            
3378   ot             ot1            
3384   ot             ot1            
3388   devant         devant1        
3390   jason          jason1         
3393   autres         autres1        
3394   ses            ses1           
3395   conpaignons    conpaignons1   
3401   son            son1           
3402   pere           pere1          
3404   lor            lor1           
3405   estre          estre1         
3407   qi             qi3            
3409   estoient       estoient1      
3412   aloient        aloient3       
3420   li             li2            
3421   en             en2            
3427   bien           bien4          
3428   la             la1            
3435   qe             qe3            
3456   le             le4            
3469   li             li4            
3471   amor           amor1          
3472   son            son1           
3477   grant          grant4         
3480   jason          jason1         
3481   l’             l’4            
3482   ot             ot1            
3488   tel            tel6           
3490   q’             q’1            
3493   pooit          pooit1         
3495   son            son1           
3499   s’             s’2            
3502   ses            ses1           
3505   autre          autre4         
3512   li             li2            
3517   qe             qe3            
3518   se             se2            
3520   li             li4            
3522   s’             s’2            
3527   li             li2            
3539   jason          jason1         
3543   tel            tel5           
3544   q’             q’1            
3546   l’             l’4            
3550   dit            dit2           
3551   bien           bien4          
3554   meïsmes        meïsmes4       
3555   qe             qe3            
3559   son            son1           
3560   grant          grant1         
3561   senz           senz1          
3563   son            son1           
3564   grant          grant1         
3566   ce             ce2            
3569   ce             ce1            
3573   bon            bon1           
3574   chief          chief1         
3586   qu’            qu’1           
3591   jason          jason1         
3594   hercules       hercules1      
3596   les            les4           
3602   le             le6            
3607   il             il1            
3608   orent          orent1         
3611   les            les1           
3618   mist           mist1          
3627   amor           amor2          
3628   jason          jason1         
3642   grant          grant4         
3646   grant          grant1         
3650   fois           fois1          
3660   ce             ce1            
3662   bon            bon1           
3663   chief          chief1         
3669   chief          chief1         
3676   fist           fist1          
3679   devant         devant1        
3686   estoit         estoit1        
3689   grant          grant4         
3692   la             la1            
3706   l’             l’4            
3707   ot             ot1            
3714   li             li4            
3724   vuoil          vuoil1         
3725   qe             qe3            
3726   vos            vos1           
3730   jason          jason1         
3733   hercules       hercules1      
3735   vos            vos1           
3736   les            les4           
3737   honorés        honorés1       
3747   lor            lor2           
3749   sont           sont1          
3750   il             il1            
3752   plus           plus2          
3760   alés           alés5          
3761   le             le4            
3764   qe             qe3            
3766   le             le6            
3767   vuoil          vuoil1         
3768   |              nan            
3777   li             li4            
3781   hot            hot1           
3782   grant          grant4         
3785   son            son1           
3789   fust           fust1          
3790   se             se3            
3791   q’             q’1            
3795   nuls           nuls1          
3804   son            son1           
3805   pere           pere1          
3812   jason          jason1         
3815   son            son1           
3817   hercules       hercules1      
3831   devant         devant1        
3832   els            els1           
3837   li             li2            
3840   grant          grant1         
3844   grant          grant4         
3853   jason          jason1         
3857   tel            tel6           
3860   |              nan            
3869   qe             qe3            
3870   vos            vos1           
3871   estes          estes1         
3881   tos            tos1           
3882   autres         autres5        
3884   qe             qe3            
3885   vos            vos1           
3886   estes          estes2         
3907   |              nan            
3909   |              nan            
3916   il             il2            
3918   est            est2           
3931   plus           plus2          
3932   saje           saje3          
3936   plus           plus2          
3940   plus           plus2          
3946   |              nan            
3948   |              nan            
3956   bien           bien4          
3958   vos            vos1           
3960   venus          venus1         
3962   cestui         cestui3        
3965   vos            vos1           
3968   venus          venus1         
3973   monton         monton1        
3981   qe             qe3            
3982   vostre         vostre4        
3984   est            est1           
3989   la             la1            
4005   il             il1            
4007   tot            tot5           
4010   sont           sont3          
4013   furent         furent1        
4015   nés            nés1           
4019   le             le4            
4020   porroient      porroient1     
4021   il             il1            
4026   sont           sont3          
4033   monde          monde1         
4035   en             en2            
4036   sont           sont3          
4040   autre          autre10        
4043   ont            ont1           
4048   vos            vos1           
4050   se             se3            
4055   diex           diex1          
4057   ont            ont1           
4058   lor            lor2           
4062   tel            tel6           
4068   |              nan            
4074   jason          jason1         
4078   estoit         estoit2        
4081   |              nan            
4089   diex           diex2          
4093   a              a2             
4096   buef           buef3          
4100   tel            tel6           
4103   qe             qe3            
4106   il             il1            
4107   sont           sont3          
4110   il             il1            
4112   feu            feu1           
4125   qe             qe3            
4128   celui          celui1         
4129   feu            feu1           
4130   est            est2           
4134   li             li2            
4140   buef           buef2          
4142   sont           sont2          
4143   mis            mis1           
4147   celui          celui1         
4148   monton         monton1        
4153   monton         monton1        
4157   il             il2            
4158   li             li2            
4161   tel            tel6           
4164   qu’            qu’1           
4169   buef           buef3          
4173   tel            tel6           
4175   q’             q’1            
4177   le             le5            
4178   feïst          feïst1         
4182   tel            tel6           
4184   les            les4           
4185   a              a2             
4192   fust           fust2          
4193   fait           fait2          
4198   un             un1            
4199   autre          autre4         
4208   a              a1             
4212   asis           asis2          
4215   monton         monton1        
4223   le_qels        le_qels1       
4226   tel            tel6           
4237   monton         monton1        
4244   q’             q’1            
4247   li             li2            
4254   il             il2            
4262   feu            feu1           
4268   grant          grant4         
4270   qe             qe3            
4275   si             si1            
4285   est            est1           
4294   q’             q’1            
4299   pris           pris2          
4303   mort           mort2          
4310   qe             qe3            
4312   se             se2            
4322   |              nan            
4332   li             li2            
4334   son            son1           
4339   ot             ot1            
4340   entendu        entendu1       
4343   li             li2            
4344   ot             ot1            
4345   dit            dit1           
4350   tel            tel6           
4353   |              nan            
4360   sui            sui2           
4363   cestui         cestui3        
4377   sui            sui2           
4386   qe             qe3            
4389   li             li2            
4393   cestui         cestui3        
4397   se             se2            
4399   la             la1            
4406   qe             qe3            
4411   qe             qe3            
4414   mon            mon1           
4423   tot            tot1           
4431   vostre         vostre4        
4432   saje           saje2          
4433   parler         parler1        
4446   mon            mon1           
4453   en             en2            
4457   se             se2            
4460   le             le4            
4467   qe             qe3            
4472   qe             qe3            
4483   tot            tot2           
4484   jornés         jornés1        
4488   |              nan            
4490   |              nan            
4498   bien           bien4          
4499   qe             qe3            
4501   parler         parler1        
4505   qe             qe1            
4518   le             le6            
4521   dit            dit1           
4524   le             le6            
4527   qe             qe3            
4533   nuls           nuls3          
4536   en             en2            
4540   moi            moi1           
4552   qe             qe3            
4554   as             as2            
4555   cestui         cestui3        
4556   afer           afer1          
4560   qe             qe3            
4565   se             se2            
4568   qe             qe3            
4576   qe             qe3            
4577   amor           amor2          
4586   qe             qe3            
4605   se             se4            
4607   bon            bon1           
4623   ce             ce1            
4627   qe             qe3            
4634   les            les1           
4637   sont           sont1          
4641   autres         autres5        
4642   sont           sont1          
4648   ce             ce2            
4650   ce             ce1            
4658   le             le6            
4660   di             di1            
4668   |              nan            
4677   son            son1           
4683   |              nan            
4689   qe             qe2            
4691   doi            doi1           
4696   sui            sui1           
4697   tot            tot4           
4700   vostre         vostre1        
4702   fer            fer1           
4707   vostre         vostre2        
4714   tos            tos1           
4744   aprés          aprés1         
4751   vos            vos1           
4752   serés          serés1         
4759   aus            aus1           
4760   barons         barons3        
4766   tot            tot1           
4768   chevaliers     chevaliers3    
4770   des            des1           
4771   autre          autre5         
4778   |              nan            
4786   |              nan            
4791   est            est1           
4792   bel            bel2           
4796   ais            ais4           
4799   dit            dit1           
4802   vostre         vostre1        
4810   vos            vos1           
4816   sera           sera2          
4829   vos            vos1           
4833   autre          autre4         
4842   qe             qe1            
4858   vos            vos1           
4861   buef           buef1          
4864   serpent        serpent1       
4869   buef           buef3          
4874   serpent        serpent1       
4876   vostre         vostre1        
4878   |              nan            
4880   |              nan            
4887   sui            sui1           
4893   vostre         vostre1        
4896   vostre         vostre2        
4899   mon            mon1           
4907   vos            vos1           
4923   |              nan            
4925   |              nan            
4930   ce             ce1            
4942   tel            tel4           
4944   bien           bien4          
4951   |              nan            
4959   en             en2            
4960   ala            ala1           
4965   alegre         alegre3        
4970   li             li2            
4972   qe             qe3            
4974   avra           avra1          
4976   ses            ses1           
4977   desiriers      desiriers1     
4978   aconplis       aconplis1      
4982   grant          grant4         
4987   grant          grant4         
4992   cuor           cuor1          
4993   li             li4            
4996   son            son1           
5000   grant          grant4         
5004   en             en2            
5008   li             li4            
5010   tart           tart1          
5011   qe             qe3            
5014   soit           soit1          
5015   venue          venue1         
5017   qe             qe3            
5019   jor            jor1           
5020   soit           soit1          
5021   alés           alés3          
5029   li             li4            
5031   tart           tart1          
5032   q’             q’1            
5038   li             li4            
5040   q’             q’1            
5043   demore         demore1        
5046   la             la1            
5051   amor           amor1          
5053   celui          celui2         
5056   grant          grant5         
5058   fait           fait1          
5061   fer            fer1           
5068   venue          venue1         
5071   ot             ot1            
5074   tot            tot2           
5075   ses            ses2           
5081   estoit         estoit1        
5094   qe             qe3            
5097   il             il2            
5098   fust           fust1          
5103   il             il1            
5105   tos            tos4           
5112   son            son1           
5118   la             la1            
5121   jason          jason1         
5135   se             se2            
5136   les            les1           
5141   aler           aler1          
5145   elle           elle1          
5152   |              nan            
5155   fet            fet2           
5159   ceste          ceste1         
5163   tos            tos4           
5168   q’             q’1            
5169   il             il1            
5174   il             il2            
5175   est            est3           
5180   ne             ne1            
5182   s’             s’1            
5183   en             en2            
5188   il             il1            
5190   se             se4            
5196   |              nan            
5201   a              a2             
5204   grant          grant4         
5209   dit            dit1           
5219   meïsmes        meïsmes4       
5221   tel            tel6           
5224   |              nan            
5227   fet            fet2           
5232   qe             qe1            
5233   as             as2            
5236   qe             qe3            
5239   es             es1            
5254   folle          folle1         
5259   sui            sui3           
5264   li             li2            
5267   aprés          aprés1         
5269   sui            sui3           
5283   qe             qe3            
5294   si             si2            
5298   le             le4            
5301   |              nan            
5303   lor            lor3           
5314   ala            ala1           
5317   son            son1           
5318   lit            lit1           
5324   amor           amor1          
5326   li             li4            
5337   ala            ala2           
5348   q’             q’1            
5350   estoit         estoit3        
5355   li             li4            
5359   amor           amor1          
5365   bien           bien4          
5367   qe             qe3            
5370   estoit         estoit3        
5373   lors           lors1          
5379   en             en2            
5392   tos            tos3           
5403   qe             qe3            
5406   estoit         estoit3        
5414   son            son1           
5415   pere           pere1          
5421   lor            lor3           
5424   qe             qe3            
5427   il             il1            
5449   tel            tel6           
5451   qe             qe3            
5455   fu             fu2            
5462   ce             ce1            
5468   sien           sien1          
5471   li             li4            
5473   son            son1           
5477   li             li4            
5480   lit            lit1           
5481   jason          jason1         
5483   li             li4            
5485   qe             qe3            
5493   le             le4            
5499   le             le4            
5502   son            son1           
5503   lit            lit1           
5509   la             la1            
5511   qu’            qu’1           
5517   li             li4            
5520   tel            tel6           
5523   |              nan            
5528   vostre         vostre1        
5543   qe             qe3            
5544   vos            vos1           
5551   qe             qe3            
5555   chouchee       chouchee1      
5556   qe             qe3            
5558   |              nan            
5561   li             li4            
5563   qe             qe3            
5568   tot            tot4           
5571   ala            ala1           
5576   lit            lit1           
5577   mervoilleus    mervoilleus1   
5579   estoit         estoit1        
5582   or             or1            
5593   lit            lit1           
5594   estoient       estoient3      
5599   or             or1            
5602   piere          piere1         
5606   cler           cler1          
5614   estoit         estoit1        
5626   or             or1            
5633   biau           biau2          
5635   riches         riches1        
5637   mervoilles     mervoilles1    
5643   tos            tos4           
5648   riche          riche3         
5649   lit            lit1           
5651   estoient       estoient1      
5653   celui          celui1         
5654   lit            lit1           
5656   tel            tel3           
5658   qe             qe3            
5660   celui          celui1         
5665   meillor        meillor1       
5672   jason          jason1         
5674   lit            lit1           
5679   fu             fu2            
5682   celui          celui1         
5683   riche          riche3         
5684   lit            lit1           
5694   la             la1            
5699   qi             qi1            
5700   bien           bien4          
5703   teu            teu3           
5715   plus           plus1          
5719   en             en2            
5720   ala            ala1           
5728   l’             l’5            
5731   soef           soef2          
5734   en             en2            
5736   fors           fors2          
5739   en             en2            
5740   vit            vit1           
5743   lit            lit1           
5744   jason          jason1         
5746   le             le4            
5752   soef           soef2          
5754   le             le4            
5775   le             le4            
5786   son            son1           
5787   mantel         mantel1        
5790   en             en2            
5791   ala            ala1           
5805   il             il1            
5812   le             le4            
5815   lit            lit1           
5824   avoit          avoit1         
5826   grant          grant4         
5830   grant          grant4         
5836   avoit          avoit1         
5837   grant          grant4         
5846   fu             fu2            
5848   lit            lit1           
5853   fu             fu1            
5865   le             le4            
5868   soef           soef2          
5871   mist           mist1          
5877   a              a2             
5879   bien           bien4          
5880   senti          senti1         
5883   a              a2             
5896   jason          jason1         
5898   li             li4            
5908   |              nan            
5914   qi             qi4            
5916   a              a2             
5920   |              nan            
5922   |              nan            
5929   vostre         vostre2        
5933   vostre         vostre2        
5939   vostre         vostre2        
5942   a              a2             
5944   vostre         vostre2        
5954   q’             q’1            
5958   en             en2            
5966   chevaliers     chevaliers2    
5967   tot            tot3           
5980   vostre         vostre1        
5984   vostre         vostre1        
5987   tot            tot3           
5988   mon            mon1           
5989   vivant         vivant1        
5990   |              nan            
5993   se             se4            
5994   meïsmes        meïsmes3       
5999   saje           saje3          
6001   entendu        entendu1       
6004   li             li4            
6014   |              nan            
6016   dous           dous1          
6019   grant          grant4         
6022   alés           alés2          
6024   se             se2            
6025   vos            vos1           
6027   le             le6            
6032   fois           fois1          
6034   vos            vos1           
6037   dit            dit1           
6041   maintes        maintes3       
6045   sont           sont3          
6046   esté           esté2          
6048   maint          maint1         
6049   chevalier      chevalier1     
6055   qe             qe3            
6059   ce             ce1            
6066   soie           soie1          
6068   |              nan            
6070   |              nan            
6077   vostre         vostre1        
6080   |              nan            
6084   vesti          vesti1         
6097   son            son1           
6098   lit            lit1           
6104   fete           fete2          
6109   son            son1           
6110   diex           diex3          
6112   |              nan            
6118   vos            vos1           
6122   diex           diex3          
6125   vostre         vostre2        
6128   qe             qe3            
6129   vos            vos1           
6133   vostre         vostre2        
6161   |              nan            
6165   plus           plus1          
6167   fist           fist2          
6174   le             le4            
6182   qe             qe1            
6187   li             li4            
6194   son            son1           
6199   li             li2            
6209   plus           plus1          
6215   li             li4            
6218   virent         virent1        
6225   grant          grant4         
6230   grant          grant1         
6235   qe             qe3            
6236   se             se2            
6245   la             la1            
6260   |              nan            
6263   il             il2            
6270   il             il2            
6272   près           près1          
6289   chiere         chiere1        
6300   qe             qe3            
6301   vos            vos1           
6316   |              nan            
6321   les            les1           
6323   qe             qe1            
6325   li             li2            
6333   |              nan            
6335   dous           dous1          
6339   sui            sui1           
6342   aparoillee     aparoillee6    
6344   vostre         vostre2        
6349   vostre         vostre2        
6351   |              nan            
6354   se             se1            
6356   li             li3            
6360   lit            lit1           
6367   devant         devant1        
6368   jason          jason1         
6371   en             en2            
6380   hovree         hovree1        
6385   jason          jason1         
6387   |              nan            
6388   ceste          ceste1         
6397   l’             l’4            
6406   rienz          rienz1         
6412   |              nan            
6414   aprés          aprés1         
6415   li             li2            
6420   li             li2            
6423   |              nan            
6425   cestui         cestui3        
6434   tel            tel6           
6436   qe             qe3            
6440   en             en2            
6441   avras          avras1         
6452   ne             ne1            
6454   |              nan            
6456   aprés          aprés1         
6457   li             li2            
6460   anel           anel1          
6462   bel            bel1           
6465   riche          riche3         
6469   hovrés         hovrés2        
6472   li             li2            
6474   qe             qe3            
6478   l’             l’5            
6481   son            son1           
6489   nulle          nulle2         
6492   serpent        serpent1       
6494   feu            feu1           
6509   autre          autre4         
6518   son            son1           
6526   les            les1           
6531   veü            veü1           
6538   veü            veü1           
6542   anel           anel1          
6544   son            son1           
6548   sera           sera1          
6549   veü            veü1           
6551   tel            tel6           
6560   dit            dit1           
6569   anel           anel1          
6570   baillé         baillé1        
6573   li             li2            
6577   |              nan            
6581   anel           anel1          
6583   garde          garde1         
6584   bien           bien4          
6587   l’             l’5            
6591   rienz          rienz1         
6592   qe             qe1            
6594   ai             ai1            
6596   monde          monde1         
6604   grant          grant1         
6607   |              nan            
6611   anel           anel1          
6612   li             li2            
6619   li             li2            
6622   |              nan            
6627   monton         monton1        
6628   verais         verais1        
6630   tot            tot4           
6640   aies           aies1          
6646   se             se2            
6649   le             le6            
6655   en             en2            
6664   cestui         cestui3        
6668   tot            tot4           
6678   qe             qe3            
6684   rienz          rienz1         
6688   |              nan            
6691   ce             ce1            
6692   li             li2            
6693   a              a2             
6702   tel            tel6           
6706   qe             qe3            
6708   rienz          rienz1         
6710   le             le4            
6713   le             le4            
6716   li             li2            
6721   li             li2            
6724   tel            tel6           
6727   |              nan            
6736   le             le1            
6737   bues           bues3          
6739   tot            tot4           
6741   lor            lor4           
6754   ce             ce1            
6756   qe             qe3            
6760   en             en2            
6766   sera           sera1          
6772   bues           bues3          
6774   les            les4           
6781   els            els2           
6783   qe             qe3            
6786   le             le6            
6792   l’             l’6            
6799   en             en2            
6801   grant          grant4         
6805   serpent        serpent1       
6813   grant          grant4         
6825   q’             q’1            
6832   duree          duree1         
6840   l’             l’5            
6846   l’             l’5            
6853   tel            tel6           
6856   tos            tos1           
6857   les            les4           
6864   les            les4           
6869   qe             qe1            
6871   bues           bues2          
6872   avront         avront1        
6877   le             le6            
6879   afer           afer1          
6884   ce             ce1            
6890   ces            ces1           
6893   tels           tels1          
6894   els            els2           
6898   chevaliers     chevaliers3    
6907   il             il1            
6908   s’             s’1            
6911   se             se1            
6917   s’             s’1            
6919   tos            tos4           
6926   ce             ce1            
6943   lor            lor3           
6945   tos            tos6           
6948   aconplis       aconplis1      
6956   monton         monton1        
6964   monton         monton1        
6968   bien           bien4          
6970   garde          garde2         
6971   qe             qe3            
6975   plus           plus1          
6985   bien           bien4          
6987   garde          garde2         
6988   qe             qe3            
6993   dit            dit1           
6999   rienz          rienz1         
7002   |              nan            
7026   jason          jason1         
7039   il             il1            
7047   il             il1            
7048   se             se1            
7058   torna          torna1         
7059   tot            tot4           
7062   son            son1           
7063   lit            lit1           
7069   li             li2            
7080   li             li2            
7081   estoit         estoit3        
7087   ceste          ceste1         
7088   grant          grant4         
7094   ot             ot1            
7095   ces            ces2           
7103   bien           bien4          
7107   travaillés     travaillés1    
7108   estoit         estoit1        
7115   lor            lor3           
7121   bien           bien4          
7123   bel            bel8           
7127   q’             q’1            
7129   voloit         voloit1        
7130   aler           aler1          
7140   ce             ce1            
7142   il             il1            
7145   grant          grant4         
7149   grant          grant4         
7152   li             li2            
7159   ce             ce1            
7160   a              a2             
7161   entendu        entendu1       
7164   en             en2            
7165   vint           vint1          
7167   jason          jason1         
7169   li             li2            
7174   tel            tel6           
7177   |              nan            
7189   se             se2            
7191   le             le6            
7194   qe             qe3            
7206   en             en2            
7219   qe             qe3            
7230   se             se2            
7231   le             le6            
7232   fais           fais1          
7235   qe             qe3            
7236   se             se4            
7246   il             il1            
7247   sont           sont3          
7255   sont           sont3          
7256   alés           alés7          
7262   sont           sont3          
7269   qe             qe3            
7274   diex           diex1          
7276   ont            ont1           
7277   lor            lor2           
7283   tel            tel6           
7285   qi             qi1            
7288   qe             qe3            
7292   la             la1            
7293   puisse         puisse1        
7302   qe             qe3            
7304   se             se2            
7313   fin            fin1           
7320   doi            doi1           
7326   fer            fer1           
7328   vos            vos1           
7329   estes          estes1         
7332   aler           aler1          
7336   |              nan            
7342   roi            roi1           
7343   oetes          oetes1         
7350   a              a2             
7352   bien           bien4          
7358   li             li2            
7359   a              a2             
7360   dit            dit1           
7362   noiant         noiant1        
7363   li             li2            
7377   li             li2            
7378   soit           soit2          
7385   roi            roi1           
7390   |              nan            
7398   vos            vos1           
7401   dit            dit1           
7410   qe             qe3            
7413   est            est1           
7415   qe             qe3            
7422   |              nan            
7430   ses            ses1           
7431   conpaignons    conpaignons1   
7434   aut            aut2           
7435   barons         barons2        
7437   roi            roi1           
7438   hoetes         hoetes1        
7439   li             li2            
7445   ont            ont2           
7457   estoit         estoit1        
7466   l’             l’1            
7474   autre          autre4         
7484   lor            lor3           
7487   fu             fu3            
7504   riches         riches1        
7505   barons         barons2        
7507   chevaliers     chevaliers2    
7522   ses            ses2           
7525   belle          belle1         
7533   qe             qe3            
7535   homes          homes2         
7542   aprés          aprés1         
7544   son            son1           
7545   blanc          blanc1         
7550   fort           fort2          
7555   aprés          aprés1         
7556   li             li2            
7558   son            son1           
7561   son            son1           
7562   chief          chief1         
7564   cler           cler1          
7570   estoit         estoit1        
7573   bien           bien4          
7579   estoit         estoit2        
7581   or             or1            
7589   tos            tos1           
7603   estoit         estoit2        
7608   grant          grant4         
7612   li             li2            
7613   ont            ont1           
7615   son            son1           
7618   acier          acier1         
7620   estoit         estoit1        
7623   bien           bien4          
7627   son            son1           
7636   fort           fort1          
7640   bien           bien4          
7641   hovrés         hovrés2        
7643   aprés          aprés1         
7644   li             li2            
7648   bon            bon1           
7650   bel            bel1           
7659   fu             fu1            
7661   aparoillés     aparoillés4    
7669   tos            tos5           
7677   hercules       hercules1      
7691   l’             l’5            
7692   en             en2            
7696   en             en2            
7699   grant          grant1         
7700   duel           duel1          
7706   il             il1            
7709   li             li2            
7711   grant          grant4         
7717   ot             ot1            
7720   pris           pris1          
7722   tos            tos5           
7728   batel          batel1         
7731   autre          autre4         
7743   li             li2            
7749   mist           mist1          
7753   l’             l’1            
7757   q’             q’1            
7759   soit           soit2          
7772   jason          jason1         
7776   duel           duel1          
7787   le             le4            
7794   jason          jason1         
7799   dit            dit1           
7804   un             un1            
7819   batel          batel1         
7823   l’             l’1            
7836   les            les1           
7840   els            els2           
7842   li             li2            
7849   ses            ses1           
7852   |              nan            
7861   diex           diex3          
7862   place          place1         
7863   qe             qe3            
7864   vos            vos1           
7877   dit            dit1           
7888   qe             qe3            
7891   serai          serai1         
7898   retornés       retornés1      
7904   mes            mes2           
7905   bras           bras1          
7913   tos            tos1           
7917   q’             q’1            
7918   il             il1            
7920   gardent        gardent1       
7927   q’             q’1            
7928   il             il1            
7934   |              nan            
7940   l’             l’1            
7948   a              a2             
7953   q’             q’1            
7959   son            son1           
7960   batel          batel1         
7965   fu             fu2            
7972   fist           fist2          
7973   nul            nul1           
7974   delaiement     delaiement1    
7979   batel          batel1         
7981   tot            tot4           
7998   fu             fu2            
8004   chousi         chousi1        
8006   bues           bues3          
8009   monton         monton1        
8012   serpent        serpent1       
8016   qe             qe3            
8018   bues           bues2          
8024   feu            feu1           
8032   qe             qe3            
8034   l’             l’1            
8037   els            els1           
8042   lor            lor3           
8047   qe             qe1            
8049   li             li2            
8050   avoit          avoit2         
8054   en             en2            
8056   son            son1           
8059   son            son1           
8063   aprés          aprés1         
8070   li             li2            
8074   l’             l’5            
8079   son            son1           
8083   ala            ala2           
8089   li             li2            
8090   ot             ot1            
8105   ot             ot1            
8113   tot            tot4           
8117   bues           bues3          
8119   les            les4           
8125   il             il1            
8128   li             li2            
8130   feu            feu1           
8132   qe             qe3            
8137   li             li2            
8138   ont            ont1           
8139   tot            tot3           
8140   son            son1           
8142   ars            ars1           
8146   fu             fu1            
8153   ot             ot1            
8157   s’             s’2            
8167   li             li2            
8172   lor            lor4           
8178   q’             q’1            
8180   ot             ot1            
8185   fu             fu1            
8192   lor            lor3           
8196   bues           bues3          
8200   ses            ses1           
8204   le             le5            
8205   fist           fist1          
8211   li             li2            
8212   ot             ot1            
8218   ot             ot1            
8224   tot            tot4           
8228   serpent        serpent1       
8230   estoit         estoit1        
8244   jason          jason1         
8253   grant          grant4         
8255   qe             qe3            
8257   l’             l’1            
8268   qe             qe3            
8269   mort           mort1          
8270   fust           fust3          
8272   tot            tot4           
8274   se             se2            
8277   s’             s’2            
8280   fu             fu2            
8283   se             se3            
8289   ongniment      ongniment1     
8294   ses            ses3           
8296   le             le4            
8307   serpent        serpent1       
8312   son            son1           
8317   espié          espié1         
8322   li             li2            
8334   qe             qe3            
8335   grant          grant4         
8346   tot            tot4           
8352   li             li2            
8361   mervoilleus    mervoilleus2   
8374   feroit         feroit1        
8378   li             li2            
8380   teu            teu1           
8382   qe             qe3            
8384   l’             l’1            
8386   en             en2            
8397   li             li2            
8410   bien           bien4          
8411   qe             qe3            
8420   li             li2            
8425   li             li2            
8433   ot             ot1            
8434   ce             ce1            
8438   li             li2            
8442   tot            tot4           
8445   les            les4           
8450   qe             qe1            
8452   bues           bues2          
8453   avoient        avoient1       
8458   li             li2            
8459   avoit          avoit2         
8464   ot             ot1            
8465   ce             ce1            
8471   ses            ses1           
8474   chevaliers     chevaliers3    
8479   grant          grant4         
8484   li             li2            
8485   avoit          avoit2         
8486   dit            dit1           
8492   chevaliers     chevaliers2    
8493   s’             s’1            
8496   il             il1            
8497   se             se1            
8507   s’             s’1            
8511   tos            tos4           
8514   ore            ore1           
8518   ot             ot1            
8520   son            son1           
8521   afer           afer1          
8531   en             en2            
8532   a              a2             
8533   lor            lor4           
8535   merci          merci1         
8539   il             il1            
8540   li             li2            
8541   ont            ont1           
8543   tel            tel2           
8547   lor            lor3           
8552   monton         monton1        
8560   li             li2            
8561   avoit          avoit2         
8564   dit            dit1           
8567   aprés          aprés1         
8571   en             en2            
8572   vint           vint1          
8574   son            son1           
8575   batel          batel1         
8579   de_sus         de_sus1        
8586   en             en2            
8587   vint           vint1          
8589   autre          autre4         
8595   joiant         joiant1        
8597   grant          grant4         
8612   jason          jason1         
8615   se             se2            
8622   le             le6            
8629   grant          grant4         
8639   li             li2            
8640   est            est2           
8644   estoit         estoit3        
8650   fu             fu1            
8655   roi            roi1           
8658   hercules       hercules1      
8661   tot            tot1           
8663   autres         autres5        
8669   gresois        gresois2       
8671   jason          jason1         
8674   il             il1            
8675   en             en2            
8684   qi             qi1            
8688   li             li2            
8689   fist           fist2          
8692   tos            tos1           
8694   autres         autres5        
8698   fu             fu1            
8703   dit            dit1           
8711   tos            tos1           
8713   autres         autres5        
8718   le             le4            
8720   tot            tot4           
8727   fu             fu1            
8736   estoit         estoit3        
8742   pueple         pueple1        
8748   grant          grant4         
8753   jason          jason1         
8755   grant          grant4         
8756   mervoille      mervoille1     
8760   q’             q’1            
8761   il             il1            
8762   estoient       estoient3      
8768   se             se2            
8770   diex           diex1          
8772   l’             l’5            
8778   l’             l’6            
8779   eüst           eüst1          
8785   le             le4            
8788   l’             l’5            
8795   s’             s’1            
8796   en             en2            
8797   alerent        alerent1       
8802   roi            roi1           
8804   se             se1            
8806   de_denz        de_denz1       
8813   qe             qe3            
8819   tot            tot4           
8826   li             li2            
8831   li             li2            
8832   fist           fist2          
8834   grant          grant4         
8838   l’             l’5            
8847   qe             qe3            
8849   le             le4            
8860   l’             l’5            
8861   ot             ot1            
8866   li             li2            
8869   qu’            qu’1           
8875   li             li3            
8882   voloit         voloit1        
8892   roi            roi1           
8893   oetes          oetes1         
8896   en             en2            
8897   ala            ala1           
8899   son            son1           
8902   |              nan            
8909   vostre         vostre1        
8914   le             le4            
8917   vuoil          vuoil1         
8918   |              nan            
8920   lor            lor3           
8921   fu             fu1            
8924   aparoillés     aparoillés4    
8929   dedenz         dedenz1        
8936   bien           bien4          
8940   fu             fu1            
8945   li             li2            
8947   riches         riches2        
8955   vesti          vesti1         
8959   bien           bien4          
8963   lor            lor3           
8964   furent         furent2        
8965   les            les1           
8971   aparoillés     aparoillés4    
8984   le             le4            
8985   fist           fist1          
9004   lor            lor2           
9007   il             il1            
9012   tos            tos2           
9018   qe             qe3            
9020   celui          celui1         
9022   se             se1            
9028   jason          jason1         
9030   s’             s’2            
9033   il             il1            
9035   grant          grant1         
9038   lor            lor2           
9043   il             il1            
9044   furent         furent1        
9046   demoré         demoré1        
9053   jason          jason1         
9059   roi            roi1           
9060   hoetes         hoetes1        
9062   il             il1            
9063   s’             s’1            
9064   en             en2            
9072   li             li2            
9077   fu             fu1            
9084   tel            tel6           
9089   son            son1           
9090   pere           pere1          
9093   son            son1           
9097   son            son1           
9101   bien           bien4          
9103   qe             qe3            
9105   celui          celui1         
9107   li             li3            
9113   li             li3            
9118   l’             l’4            
9124   diex           diex1          
9125   se             se1            
9129   jason          jason1         
9132   le             le6            
9133   li             li2            
9141   conte          conte1         
