
son             son1            1.0
9     prist haine et fellonie contre son nevo jason et coment il
9     prist haine et fellonie contre son nevo jason et coment il

jason           jason1          1.0
11    et fellonie contre son nevo jason et coment il pensa de
11    et fellonie contre son nevo jason et coment il pensa de

daire           daire1          1.0
29    et la veraie estoire de daire le nos tesmoigne qe pelleus
29    et la veraie estoire de daire le nos tesmoigne qe pelleus

le              le6             1.0
30    la veraie estoire de daire le nos tesmoigne qe pelleus fu
30    la veraie estoire de daire le nos tesmoigne qe pelleus fu

nos             nos1            1.0
31    veraie estoire de daire le nos tesmoigne qe pelleus fu un
31    veraie estoire de daire le nos tesmoigne qe pelleus fu un

qe              qe3             1.0
33    de daire le nos tesmoigne qe pelleus fu un riche roi
33    de daire le nos tesmoigne qe pelleus fu un riche roi

riche           riche2          1.0
37    tesmoigne qe pelleus fu un riche roi saje et cortois et
37    tesmoigne qe pelleus fu un riche roi saje et cortois et

grant           grant4          1.0
49    vaillant celui pelleus tenoit mult grant partie de grese desous sa
49    vaillant celui pelleus tenoit mult grant partie de grese desous sa

son             son1            1.0
57    de grese desous sa seignorie son reigne tenoit il quitement et
57    de grese desous sa seignorie son reigne tenoit il quitement et

l’              l’1             1.0
79    en_la cité de penolope dou_qel l’ estoire ne nos raconte qel
79    en_la cité de penolope dou_qel l’ estoire ne nos raconte qel

nos             nos1            1.0
82    penolope dou_qel l’ estoire ne nos raconte qel estoit sa seignorie
82    penolope dou_qel l’ estoire ne nos raconte qel estoit sa seignorie

qel             qel1            1.0
93    ne c’ il estoit conte qel esto estoie duc de celui
93    ne c’ il estoit conte qel esto estoie duc de celui

celui           celui1          1.0
99    qel esto estoie duc de celui frere pelleus nasqi un fiz
99    qel esto estoie duc de celui frere pelleus nasqi un fiz
